<?xml version="1.0" encoding="UTF-8"?>
<testng-results ignored="0" total="4" passed="4" failed="0" skipped="0">
  <reporter-output>
  </reporter-output>
  <suite started-at="2025-01-25T20:57:20 IST" name="Default suite" finished-at="2025-01-25T20:57:42 IST" duration-ms="21684">
    <groups>
      <group name="cucumber">
        <method signature="AbstractTestNGCucumberTests.runScenario(io.cucumber.testng.PickleWrapper,io.cucumber.testng.FeatureWrapper)[pri:0, instance:TestRunner.Runner@750e2b97]" name="runScenario" class="io.cucumber.testng.AbstractTestNGCucumberTests"/>
      </group> <!-- cucumber -->
    </groups>
    <test started-at="2025-01-25T20:57:20 IST" name="Default test" finished-at="2025-01-25T20:57:42 IST" duration-ms="21684">
      <class name="TestRunner.Runner">
        <test-method is-config="true" signature="setUpClass(org.testng.ITestContext)[pri:0, instance:TestRunner.Runner@750e2b97]" started-at="2025-01-25T20:57:20 IST" name="setUpClass" finished-at="2025-01-25T20:57:21 IST" duration-ms="541" status="PASS">
          <params>
            <param index="0">
              <value>
                <![CDATA[org.testng.TestRunner@55a609dd]]>
              </value>
            </param>
          </params>
          <reporter-output>
          </reporter-output>
        </test-method> <!-- setUpClass -->
        <test-method signature="runScenario(io.cucumber.testng.PickleWrapper,io.cucumber.testng.FeatureWrapper)[pri:0, instance:TestRunner.Runner@750e2b97]" started-at="2025-01-25T20:57:21 IST" name="runScenario" description="Runs Cucumber Scenarios" data-provider="scenarios" finished-at="2025-01-25T20:57:39 IST" duration-ms="18538" status="PASS">
          <params>
            <param index="0">
              <value>
                <![CDATA["Validate LoginPage Functionality"]]>
              </value>
            </param>
            <param index="1">
              <value>
                <![CDATA["Sauce Demo Application"]]>
              </value>
            </param>
          </params>
          <reporter-output>
          </reporter-output>
        </test-method> <!-- runScenario -->
        <test-method signature="runScenario(io.cucumber.testng.PickleWrapper,io.cucumber.testng.FeatureWrapper)[pri:0, instance:TestRunner.Runner@750e2b97]" started-at="2025-01-25T20:57:39 IST" name="runScenario" description="Runs Cucumber Scenarios" data-provider="scenarios" finished-at="2025-01-25T20:57:41 IST" duration-ms="1454" status="PASS">
          <params>
            <param index="0">
              <value>
                <![CDATA["Validate ProductPage Functionality"]]>
              </value>
            </param>
            <param index="1">
              <value>
                <![CDATA["Sauce Demo Application"]]>
              </value>
            </param>
          </params>
          <reporter-output>
          </reporter-output>
        </test-method> <!-- runScenario -->
        <test-method signature="runScenario(io.cucumber.testng.PickleWrapper,io.cucumber.testng.FeatureWrapper)[pri:0, instance:TestRunner.Runner@750e2b97]" started-at="2025-01-25T20:57:41 IST" name="runScenario" description="Runs Cucumber Scenarios" data-provider="scenarios" finished-at="2025-01-25T20:57:41 IST" duration-ms="756" status="PASS">
          <params>
            <param index="0">
              <value>
                <![CDATA["Validate PersonalPage Functionality"]]>
              </value>
            </param>
            <param index="1">
              <value>
                <![CDATA["Sauce Demo Application"]]>
              </value>
            </param>
          </params>
          <reporter-output>
          </reporter-output>
        </test-method> <!-- runScenario -->
        <test-method signature="runScenario(io.cucumber.testng.PickleWrapper,io.cucumber.testng.FeatureWrapper)[pri:0, instance:TestRunner.Runner@750e2b97]" started-at="2025-01-25T20:57:41 IST" name="runScenario" description="Runs Cucumber Scenarios" data-provider="scenarios" finished-at="2025-01-25T20:57:42 IST" duration-ms="314" status="PASS">
          <params>
            <param index="0">
              <value>
                <![CDATA["Validate finish button and BackToHome button Functionality"]]>
              </value>
            </param>
            <param index="1">
              <value>
                <![CDATA["Sauce Demo Application"]]>
              </value>
            </param>
          </params>
          <reporter-output>
          </reporter-output>
        </test-method> <!-- runScenario -->
        <test-method is-config="true" signature="tearDownClass()[pri:0, instance:TestRunner.Runner@750e2b97]" started-at="2025-01-25T20:57:42 IST" name="tearDownClass" finished-at="2025-01-25T20:57:42 IST" duration-ms="6" status="PASS">
          <reporter-output>
          </reporter-output>
        </test-method> <!-- tearDownClass -->
      </class> <!-- TestRunner.Runner -->
    </test> <!-- Default test -->
  </suite> <!-- Default suite -->
</testng-results>
